0 info it worked if it ends with ok
1 verbose cli [ '/usr/bin/node', '/usr/bin/npm', 'publish' ]
2 info using npm@1.4.28
3 info using node@v0.10.33
4 verbose node symlink /usr/bin/node
5 verbose publish [ '.' ]
6 verbose cache add [ '.', null ]
7 verbose cache add name=undefined spec="." args=[".",null]
8 verbose parsed url { protocol: null,
8 verbose parsed url   slashes: null,
8 verbose parsed url   auth: null,
8 verbose parsed url   host: null,
8 verbose parsed url   port: null,
8 verbose parsed url   hostname: null,
8 verbose parsed url   hash: null,
8 verbose parsed url   search: null,
8 verbose parsed url   query: null,
8 verbose parsed url   pathname: '.',
8 verbose parsed url   path: '.',
8 verbose parsed url   href: '.' }
9 silly lockFile 3a52ce78- .
10 verbose lock . /home/joe/.npm/3a52ce78-.lock
11 verbose tar pack [ '/home/joe/.npm/nwv/1.0.0/package.tgz', '.' ]
12 verbose tarball /home/joe/.npm/nwv/1.0.0/package.tgz
13 verbose folder .
14 info prepublish nwv@1.0.0
15 silly lockFile 1f1177db-tar tar://.
16 verbose lock tar://. /home/joe/.npm/1f1177db-tar.lock
17 silly lockFile d15de4ed-me-joe-npm-nwv-1-0-0-package-tgz tar:///home/joe/.npm/nwv/1.0.0/package.tgz
18 verbose lock tar:///home/joe/.npm/nwv/1.0.0/package.tgz /home/joe/.npm/d15de4ed-me-joe-npm-nwv-1-0-0-package-tgz.lock
19 silly lockFile 1f1177db-tar tar://.
20 silly lockFile 1f1177db-tar tar://.
21 silly lockFile d15de4ed-me-joe-npm-nwv-1-0-0-package-tgz tar:///home/joe/.npm/nwv/1.0.0/package.tgz
22 silly lockFile d15de4ed-me-joe-npm-nwv-1-0-0-package-tgz tar:///home/joe/.npm/nwv/1.0.0/package.tgz
23 silly lockFile 778b5157-home-joe-npm-nwv-1-0-0-package /home/joe/.npm/nwv/1.0.0/package
24 verbose lock /home/joe/.npm/nwv/1.0.0/package /home/joe/.npm/778b5157-home-joe-npm-nwv-1-0-0-package.lock
25 silly lockFile 778b5157-home-joe-npm-nwv-1-0-0-package /home/joe/.npm/nwv/1.0.0/package
26 silly lockFile 778b5157-home-joe-npm-nwv-1-0-0-package /home/joe/.npm/nwv/1.0.0/package
27 silly lockFile 3a52ce78- .
28 silly lockFile 3a52ce78- .
29 silly publish { name: 'nwv',
29 silly publish   version: '1.0.0',
29 silly publish   description: 'Symlink creator to avoid problems where your node/bower directories become too nested for Windows to handle due to the file path character limit.',
29 silly publish   author: { name: 'Joe Ipson' },
29 silly publish   license: 'MIT',
29 silly publish   repository:
29 silly publish    { type: 'git',
29 silly publish      url: 'https://github.com/m0ngr31/node-windows-vagrant.git' },
29 silly publish   os: [ 'linux' ],
29 silly publish   preferGlobal: true,
29 silly publish   gitHead: '33124289c7b562427f87189dd981dcf867dfa9da',
29 silly publish   bugs: { url: 'https://github.com/m0ngr31/node-windows-vagrant/issues' },
29 silly publish   readme: 'ERROR: No README data found!',
29 silly publish   homepage: 'https://github.com/m0ngr31/node-windows-vagrant',
29 silly publish   _id: 'nwv@1.0.0',
29 silly publish   scripts: {},
29 silly publish   _shasum: '0985c1f007967070757ac117721948f08e5fbcd8',
29 silly publish   _from: '.' }
30 verbose request where is /nwv
31 verbose request registry https://registry.npmjs.org/
32 verbose request id c4096c3853aa9c6a
33 verbose url raw /nwv
34 verbose url resolving [ 'https://registry.npmjs.org/', './nwv' ]
35 verbose url resolved https://registry.npmjs.org/nwv
36 verbose request where is https://registry.npmjs.org/nwv
37 info trying registry request attempt 1 at 15:15:17
38 http PUT https://registry.npmjs.org/nwv
39 http 403 https://registry.npmjs.org/nwv
40 verbose headers { date: 'Wed, 04 Feb 2015 22:15:15 GMT',
40 verbose headers   server: 'CouchDB/1.5.0 (Erlang OTP/R16B03)',
40 verbose headers   'content-type': 'application/json',
40 verbose headers   'cache-control': 'max-age=60',
40 verbose headers   'content-length': '2151',
40 verbose headers   'accept-ranges': 'bytes',
40 verbose headers   via: '1.1 varnish',
40 verbose headers   'x-served-by': 'cache-ord1724-ORD',
40 verbose headers   'x-cache': 'MISS',
40 verbose headers   'x-cache-hits': '0',
40 verbose headers   'x-timer': 'S1423088115.231736,VS0,VE71',
40 verbose headers   'keep-alive': 'timeout=10, max=50',
40 verbose headers   connection: 'Keep-Alive' }
41 error publish Failed PUT 403
42 error Error: forbidden cannot modify pre-existing version: 1.0.0
42 error old={"name":"nwv","version":"1.0.0","description":"Symlink creator to avoid problems where your node/bower directories become too nested for Windows to handle due to the file path character limit.","author":{"name":"Joe Ipson"},"license":"MIT","repository":{"type":"git","url":"https://github.com/m0ngr31/node-windows-vagrant.git"},"os":["linux"],"preferGlobal":true,"gitHead":"33124289c7b562427f87189dd981dcf867dfa9da","bugs":{"url":"https://github.com/m0ngr31/node-windows-vagrant/issues"},"homepage":"https://github.com/m0ngr31/node-windows-vagrant","_id":"nwv@1.0.0","scripts":{},"_shasum":"946ec845a00c9144f172884f3625b45a1e8f8408","_from":".","_npmVersion":"1.4.28","_npmUser":{"name":"m0ngr31","email":"joeipson@gmail.com"},"maintainers":[{"name":"m0ngr31","email":"joeipson@gmail.com"}],"dist":{"shasum":"946ec845a00c9144f172884f3625b45a1e8f8408","tarball":"http://registry.npmjs.org/nwv/-/nwv-1.0.0.tgz"}}
42 error new={"name":"nwv","version":"1.0.0","description":"Symlink creator to avoid problems where your node/bower directories become too nested for Windows to handle due to the file path character limit.","author":{"name":"Joe Ipson"},"license":"MIT","repository":{"type":"git","url":"https://github.com/m0ngr31/node-windows-vagrant.git"},"os":["linux"],"preferGlobal":true,"gitHead":"33124289c7b562427f87189dd981dcf867dfa9da","bugs":{"url":"https://github.com/m0ngr31/node-windows-vagrant/issues"},"readme":"ERROR: No README data found!","homepage":"https://github.com/m0ngr31/node-windows-vagrant","_id":"nwv@1.0.0","scripts":{},"_shasum":"0985c1f007967070757ac117721948f08e5fbcd8","_from":".","_npmVersion":"1.4.28","_npmUser":{"name":"m0ngr31","email":"joeipson@gmail.com"},"maintainers":[{"name":"m0ngr31","email":"joeipson@gmail.com"}],"dist":{"shasum":"0985c1f007967070757ac117721948f08e5fbcd8","tarball":"http://registry.npmjs.org/nwv/-/nwv-1.0.0.tgz"}}: nwv
42 error     at RegClient.<anonymous> (/usr/lib/node_modules/npm/node_modules/npm-registry-client/lib/request.js:308:14)
42 error     at Request._callback (/usr/lib/node_modules/npm/node_modules/npm-registry-client/lib/request.js:246:65)
42 error     at Request.self.callback (/usr/lib/node_modules/npm/node_modules/request/request.js:236:22)
42 error     at Request.emit (events.js:98:17)
42 error     at Request.<anonymous> (/usr/lib/node_modules/npm/node_modules/request/request.js:1142:14)
42 error     at Request.emit (events.js:117:20)
42 error     at IncomingMessage.<anonymous> (/usr/lib/node_modules/npm/node_modules/request/request.js:1096:12)
42 error     at IncomingMessage.emit (events.js:117:20)
42 error     at _stream_readable.js:943:16
42 error     at process._tickCallback (node.js:419:13)
43 error If you need help, you may report this *entire* log,
43 error including the npm and node versions, at:
43 error     <http://github.com/npm/npm/issues>
44 error System Linux 3.18.5-031805-generic
45 error command "/usr/bin/node" "/usr/bin/npm" "publish"
46 error cwd /home/joe/Developement/test/nwv
47 error node -v v0.10.33
48 error npm -v 1.4.28
49 verbose exit [ 1, true ]
